23-Oct-2020 13:17:33.345 信息 [main] org.apache.catalina.startup.VersionLoggerListener.log Server.服务器版本: Apache Tomcat/9.0.35
23-Oct-2020 13:17:33.360 信息 [main] org.apache.catalina.startup.VersionLoggerListener.log 服务器构建:        May 5 2020 20:36:20 UTC
23-Oct-2020 13:17:33.360 信息 [main] org.apache.catalina.startup.VersionLoggerListener.log 服务器版本号(:     9.0.35.0
23-Oct-2020 13:17:33.360 信息 [main] org.apache.catalina.startup.VersionLoggerListener.log 操作系统名称:      Windows 10
23-Oct-2020 13:17:33.360 信息 [main] org.apache.catalina.startup.VersionLoggerListener.log OS.版本:           10.0
23-Oct-2020 13:17:33.360 信息 [main] org.apache.catalina.startup.VersionLoggerListener.log 架构:              amd64
23-Oct-2020 13:17:33.360 信息 [main] org.apache.catalina.startup.VersionLoggerListener.log Java 环境变量:     C:\Program Files\Java\jdk-11.0.8
23-Oct-2020 13:17:33.360 信息 [main] org.apache.catalina.startup.VersionLoggerListener.log Java虚拟机版本:    11.0.8+10-LTS
23-Oct-2020 13:17:33.360 信息 [main] org.apache.catalina.startup.VersionLoggerListener.log JVM.供应商:        Oracle Corporation
23-Oct-2020 13:17:33.360 信息 [main] org.apache.catalina.startup.VersionLoggerListener.log CATALINA_BASE:     C:\apache-tomcat-9.0.35-windows-x64\apache-tomcat-9.0.35
23-Oct-2020 13:17:33.360 信息 [main] org.apache.catalina.startup.VersionLoggerListener.log CATALINA_HOME:     C:\apache-tomcat-9.0.35-windows-x64\apache-tomcat-9.0.35
23-Oct-2020 13:17:33.360 信息 [main] org.apache.catalina.startup.VersionLoggerListener.log 命令行参数：--add-opens=java.base/java.lang=ALL-UNNAMED
23-Oct-2020 13:17:33.360 信息 [main] org.apache.catalina.startup.VersionLoggerListener.log 命令行参数：--add-opens=java.base/java.io=ALL-UNNAMED
23-Oct-2020 13:17:33.360 信息 [main] org.apache.catalina.startup.VersionLoggerListener.log 命令行参数：--add-opens=java.rmi/sun.rmi.transport=ALL-UNNAMED
23-Oct-2020 13:17:33.360 信息 [main] org.apache.catalina.startup.VersionLoggerListener.log 命令行参数：-Djava.util.logging.config.file=C:\apache-tomcat-9.0.35-windows-x64\apache-tomcat-9.0.35\conf\logging.properties
23-Oct-2020 13:17:33.360 信息 [main] org.apache.catalina.startup.VersionLoggerListener.log 命令行参数：-Djava.util.logging.manager=org.apache.juli.ClassLoaderLogManager
23-Oct-2020 13:17:33.360 信息 [main] org.apache.catalina.startup.VersionLoggerListener.log 命令行参数：-Djdk.tls.ephemeralDHKeySize=2048
23-Oct-2020 13:17:33.360 信息 [main] org.apache.catalina.startup.VersionLoggerListener.log 命令行参数：-Djava.protocol.handler.pkgs=org.apache.catalina.webresources
23-Oct-2020 13:17:33.360 信息 [main] org.apache.catalina.startup.VersionLoggerListener.log 命令行参数：-Dignore.endorsed.dirs=
23-Oct-2020 13:17:33.376 信息 [main] org.apache.catalina.startup.VersionLoggerListener.log 命令行参数：-Dcatalina.base=C:\apache-tomcat-9.0.35-windows-x64\apache-tomcat-9.0.35
23-Oct-2020 13:17:33.376 信息 [main] org.apache.catalina.startup.VersionLoggerListener.log 命令行参数：-Dcatalina.home=C:\apache-tomcat-9.0.35-windows-x64\apache-tomcat-9.0.35
23-Oct-2020 13:17:33.376 信息 [main] org.apache.catalina.startup.VersionLoggerListener.log 命令行参数：-Djava.io.tmpdir=C:\apache-tomcat-9.0.35-windows-x64\apache-tomcat-9.0.35\temp
23-Oct-2020 13:17:33.376 信息 [main] org.apache.catalina.core.AprLifecycleListener.lifecycleEvent 使用APR版本[1.7.0]加载了基于APR的Apache Tomcat本机库[1.2.24]。
23-Oct-2020 13:17:33.376 信息 [main] org.apache.catalina.core.AprLifecycleListener.lifecycleEvent APR功能：IPv6[true]、sendfile[true]、accept filters[false]、random[true]。
23-Oct-2020 13:17:33.376 信息 [main] org.apache.catalina.core.AprLifecycleListener.lifecycleEvent APR/OpenSSL配置：useAprConnector[false]，useOpenSSL[true]
23-Oct-2020 13:17:33.391 信息 [main] org.apache.catalina.core.AprLifecycleListener.initializeSSL OpenSSL成功初始化 [OpenSSL 1.1.1g  21 Apr 2020]
23-Oct-2020 13:17:33.657 信息 [main] org.apache.coyote.AbstractProtocol.init 初始化协议处理器 ["http-nio-8080"]
23-Oct-2020 13:17:34.239 信息 [main] org.apache.catalina.startup.Catalina.load 服务器在[1,096]毫秒内初始化
23-Oct-2020 13:17:34.293 信息 [main] org.apache.catalina.core.StandardService.startInternal 正在启动服务[Catalina]
23-Oct-2020 13:17:34.293 信息 [main] org.apache.catalina.core.StandardEngine.startInternal 正在启动 Servlet 引擎：[Apache Tomcat/9.0.35]
23-Oct-2020 13:17:34.313 信息 [main] org.apache.catalina.startup.HostConfig.deployWAR 正在部署web应用程序存档文件[C:\apache-tomcat-9.0.35-windows-x64\apache-tomcat-9.0.35\webapps\APP8081_war exploded2 archive.war]
23-Oct-2020 13:17:35.125 警告 [main] org.apache.catalina.util.SessionIdGeneratorBase.createSecureRandom 使用[SHA1PRNG]创建会话ID生成的SecureRandom实例花费了[549]毫秒。
23-Oct-2020 13:17:35.148 信息 [main] org.apache.catalina.startup.HostConfig.deployWAR web应用程序存档文件[C:\apache-tomcat-9.0.35-windows-x64\apache-tomcat-9.0.35\webapps\APP8081_war exploded2 archive.war]的部署已在[835]ms内完成
23-Oct-2020 13:17:35.148 信息 [main] org.apache.catalina.startup.HostConfig.deployDirectory 把web 应用程序部署到目录 [C:\apache-tomcat-9.0.35-windows-x64\apache-tomcat-9.0.35\webapps\docs]
23-Oct-2020 13:17:35.184 信息 [main] org.apache.catalina.startup.HostConfig.deployDirectory Web应用程序目录[C:\apache-tomcat-9.0.35-windows-x64\apache-tomcat-9.0.35\webapps\docs]的部署已在[36]毫秒内完成
23-Oct-2020 13:17:35.184 信息 [main] org.apache.catalina.startup.HostConfig.deployDirectory 把web 应用程序部署到目录 [C:\apache-tomcat-9.0.35-windows-x64\apache-tomcat-9.0.35\webapps\examples]
23-Oct-2020 13:17:35.652 信息 [main] org.apache.catalina.startup.HostConfig.deployDirectory Web应用程序目录[C:\apache-tomcat-9.0.35-windows-x64\apache-tomcat-9.0.35\webapps\examples]的部署已在[468]毫秒内完成
23-Oct-2020 13:17:35.652 信息 [main] org.apache.catalina.startup.HostConfig.deployDirectory 把web 应用程序部署到目录 [C:\apache-tomcat-9.0.35-windows-x64\apache-tomcat-9.0.35\webapps\host-manager]
23-Oct-2020 13:17:35.699 信息 [main] org.apache.catalina.startup.HostConfig.deployDirectory Web应用程序目录[C:\apache-tomcat-9.0.35-windows-x64\apache-tomcat-9.0.35\webapps\host-manager]的部署已在[47]毫秒内完成
23-Oct-2020 13:17:35.699 信息 [main] org.apache.catalina.startup.HostConfig.deployDirectory 把web 应用程序部署到目录 [C:\apache-tomcat-9.0.35-windows-x64\apache-tomcat-9.0.35\webapps\manager]
23-Oct-2020 13:17:35.730 信息 [main] org.apache.catalina.startup.HostConfig.deployDirectory Web应用程序目录[C:\apache-tomcat-9.0.35-windows-x64\apache-tomcat-9.0.35\webapps\manager]的部署已在[31]毫秒内完成
23-Oct-2020 13:17:35.730 信息 [main] org.apache.catalina.startup.HostConfig.deployDirectory 把web 应用程序部署到目录 [C:\apache-tomcat-9.0.35-windows-x64\apache-tomcat-9.0.35\webapps\ROOT]
23-Oct-2020 13:17:35.777 信息 [main] org.apache.catalina.startup.HostConfig.deployDirectory Web应用程序目录[C:\apache-tomcat-9.0.35-windows-x64\apache-tomcat-9.0.35\webapps\ROOT]的部署已在[47]毫秒内完成
23-Oct-2020 13:17:35.777 信息 [main] org.apache.coyote.AbstractProtocol.start 开始协议处理句柄["http-nio-8080"]
23-Oct-2020 13:17:35.793 信息 [main] org.apache.catalina.startup.Catalina.start [1,547]毫秒后服务器启动
23-Oct-2020 13:49:57.585 信息 [main] org.apache.catalina.startup.VersionLoggerListener.log Server.服务器版本: Apache Tomcat/9.0.35
23-Oct-2020 13:49:57.601 信息 [main] org.apache.catalina.startup.VersionLoggerListener.log 服务器构建:        May 5 2020 20:36:20 UTC
23-Oct-2020 13:49:57.601 信息 [main] org.apache.catalina.startup.VersionLoggerListener.log 服务器版本号(:     9.0.35.0
23-Oct-2020 13:49:57.601 信息 [main] org.apache.catalina.startup.VersionLoggerListener.log 操作系统名称:      Windows 10
23-Oct-2020 13:49:57.601 信息 [main] org.apache.catalina.startup.VersionLoggerListener.log OS.版本:           10.0
23-Oct-2020 13:49:57.601 信息 [main] org.apache.catalina.startup.VersionLoggerListener.log 架构:              amd64
23-Oct-2020 13:49:57.601 信息 [main] org.apache.catalina.startup.VersionLoggerListener.log Java 环境变量:     C:\Program Files\Java\jdk-11.0.8
23-Oct-2020 13:49:57.601 信息 [main] org.apache.catalina.startup.VersionLoggerListener.log Java虚拟机版本:    11.0.8+10-LTS
23-Oct-2020 13:49:57.601 信息 [main] org.apache.catalina.startup.VersionLoggerListener.log JVM.供应商:        Oracle Corporation
23-Oct-2020 13:49:57.601 信息 [main] org.apache.catalina.startup.VersionLoggerListener.log CATALINA_BASE:     C:\apache-tomcat-9.0.35-windows-x64\apache-tomcat-9.0.35
23-Oct-2020 13:49:57.601 信息 [main] org.apache.catalina.startup.VersionLoggerListener.log CATALINA_HOME:     C:\apache-tomcat-9.0.35-windows-x64\apache-tomcat-9.0.35
23-Oct-2020 13:49:57.601 信息 [main] org.apache.catalina.startup.VersionLoggerListener.log 命令行参数：--add-opens=java.base/java.lang=ALL-UNNAMED
23-Oct-2020 13:49:57.601 信息 [main] org.apache.catalina.startup.VersionLoggerListener.log 命令行参数：--add-opens=java.base/java.io=ALL-UNNAMED
23-Oct-2020 13:49:57.601 信息 [main] org.apache.catalina.startup.VersionLoggerListener.log 命令行参数：--add-opens=java.rmi/sun.rmi.transport=ALL-UNNAMED
23-Oct-2020 13:49:57.601 信息 [main] org.apache.catalina.startup.VersionLoggerListener.log 命令行参数：-Djava.util.logging.config.file=C:\apache-tomcat-9.0.35-windows-x64\apache-tomcat-9.0.35\conf\logging.properties
23-Oct-2020 13:49:57.601 信息 [main] org.apache.catalina.startup.VersionLoggerListener.log 命令行参数：-Djava.util.logging.manager=org.apache.juli.ClassLoaderLogManager
23-Oct-2020 13:49:57.601 信息 [main] org.apache.catalina.startup.VersionLoggerListener.log 命令行参数：-Djdk.tls.ephemeralDHKeySize=2048
23-Oct-2020 13:49:57.601 信息 [main] org.apache.catalina.startup.VersionLoggerListener.log 命令行参数：-Djava.protocol.handler.pkgs=org.apache.catalina.webresources
23-Oct-2020 13:49:57.601 信息 [main] org.apache.catalina.startup.VersionLoggerListener.log 命令行参数：-Dignore.endorsed.dirs=
23-Oct-2020 13:49:57.601 信息 [main] org.apache.catalina.startup.VersionLoggerListener.log 命令行参数：-Dcatalina.base=C:\apache-tomcat-9.0.35-windows-x64\apache-tomcat-9.0.35
23-Oct-2020 13:49:57.601 信息 [main] org.apache.catalina.startup.VersionLoggerListener.log 命令行参数：-Dcatalina.home=C:\apache-tomcat-9.0.35-windows-x64\apache-tomcat-9.0.35
23-Oct-2020 13:49:57.601 信息 [main] org.apache.catalina.startup.VersionLoggerListener.log 命令行参数：-Djava.io.tmpdir=C:\apache-tomcat-9.0.35-windows-x64\apache-tomcat-9.0.35\temp
23-Oct-2020 13:49:57.616 信息 [main] org.apache.catalina.core.AprLifecycleListener.lifecycleEvent 使用APR版本[1.7.0]加载了基于APR的Apache Tomcat本机库[1.2.24]。
23-Oct-2020 13:49:57.616 信息 [main] org.apache.catalina.core.AprLifecycleListener.lifecycleEvent APR功能：IPv6[true]、sendfile[true]、accept filters[false]、random[true]。
23-Oct-2020 13:49:57.616 信息 [main] org.apache.catalina.core.AprLifecycleListener.lifecycleEvent APR/OpenSSL配置：useAprConnector[false]，useOpenSSL[true]
23-Oct-2020 13:49:57.616 信息 [main] org.apache.catalina.core.AprLifecycleListener.initializeSSL OpenSSL成功初始化 [OpenSSL 1.1.1g  21 Apr 2020]
23-Oct-2020 13:49:57.868 信息 [main] org.apache.coyote.AbstractProtocol.init 初始化协议处理器 ["http-nio-8080"]
23-Oct-2020 13:49:58.416 严重 [main] org.apache.catalina.util.LifecycleBase.handleSubClassException 初始化组件[Connector[HTTP/1.1-8080]]失败。
	org.apache.catalina.LifecycleException: 协议处理程序初始化失败
		at org.apache.catalina.connector.Connector.initInternal(Connector.java:1033)
		at org.apache.catalina.util.LifecycleBase.init(LifecycleBase.java:136)
		at org.apache.catalina.core.StandardService.initInternal(StandardService.java:533)
		at org.apache.catalina.util.LifecycleBase.init(LifecycleBase.java:136)
		at org.apache.catalina.core.StandardServer.initInternal(StandardServer.java:1057)
		at org.apache.catalina.util.LifecycleBase.init(LifecycleBase.java:136)
		at org.apache.catalina.startup.Catalina.load(Catalina.java:584)
		at org.apache.catalina.startup.Catalina.load(Catalina.java:607)
		at java.base/jdk.internal.reflect.NativeMethodAccessorImpl.invoke0(Native Method)
		at java.base/jdk.internal.reflect.NativeMethodAccessorImpl.invoke(NativeMethodAccessorImpl.java:62)
		at java.base/jdk.internal.reflect.DelegatingMethodAccessorImpl.invoke(DelegatingMethodAccessorImpl.java:43)
		at java.base/java.lang.reflect.Method.invoke(Method.java:566)
		at org.apache.catalina.startup.Bootstrap.load(Bootstrap.java:303)
		at org.apache.catalina.startup.Bootstrap.main(Bootstrap.java:473)
	Caused by: java.net.BindException: Address already in use: bind
		at java.base/sun.nio.ch.Net.bind0(Native Method)
		at java.base/sun.nio.ch.Net.bind(Net.java:461)
		at java.base/sun.nio.ch.Net.bind(Net.java:453)
		at java.base/sun.nio.ch.ServerSocketChannelImpl.bind(ServerSocketChannelImpl.java:227)
		at java.base/sun.nio.ch.ServerSocketAdaptor.bind(ServerSocketAdaptor.java:80)
		at org.apache.tomcat.util.net.NioEndpoint.initServerSocket(NioEndpoint.java:228)
		at org.apache.tomcat.util.net.NioEndpoint.bind(NioEndpoint.java:211)
		at org.apache.tomcat.util.net.AbstractEndpoint.bindWithCleanup(AbstractEndpoint.java:1141)
		at org.apache.tomcat.util.net.AbstractEndpoint.init(AbstractEndpoint.java:1154)
		at org.apache.coyote.AbstractProtocol.init(AbstractProtocol.java:581)
		at org.apache.coyote.http11.AbstractHttp11Protocol.init(AbstractHttp11Protocol.java:74)
		at org.apache.catalina.connector.Connector.initInternal(Connector.java:1030)
		... 13 more
23-Oct-2020 13:49:58.416 信息 [main] org.apache.catalina.startup.Catalina.load 服务器在[1,022]毫秒内初始化
23-Oct-2020 13:49:58.463 信息 [main] org.apache.catalina.core.StandardService.startInternal 正在启动服务[Catalina]
23-Oct-2020 13:49:58.463 信息 [main] org.apache.catalina.core.StandardEngine.startInternal 正在启动 Servlet 引擎：[Apache Tomcat/9.0.35]
23-Oct-2020 13:49:58.479 信息 [main] org.apache.catalina.startup.HostConfig.deployWAR 正在部署web应用程序存档文件[C:\apache-tomcat-9.0.35-windows-x64\apache-tomcat-9.0.35\webapps\APP8081_war exploded2 archive.war]
23-Oct-2020 13:49:59.264 警告 [main] org.apache.catalina.util.SessionIdGeneratorBase.createSecureRandom 使用[SHA1PRNG]创建会话ID生成的SecureRandom实例花费了[550]毫秒。
23-Oct-2020 13:49:59.295 信息 [main] org.apache.catalina.startup.HostConfig.deployWAR web应用程序存档文件[C:\apache-tomcat-9.0.35-windows-x64\apache-tomcat-9.0.35\webapps\APP8081_war exploded2 archive.war]的部署已在[816]ms内完成
23-Oct-2020 13:49:59.295 信息 [main] org.apache.catalina.startup.HostConfig.deployDirectory 把web 应用程序部署到目录 [C:\apache-tomcat-9.0.35-windows-x64\apache-tomcat-9.0.35\webapps\docs]
23-Oct-2020 13:49:59.326 信息 [main] org.apache.catalina.startup.HostConfig.deployDirectory Web应用程序目录[C:\apache-tomcat-9.0.35-windows-x64\apache-tomcat-9.0.35\webapps\docs]的部署已在[31]毫秒内完成
23-Oct-2020 13:49:59.326 信息 [main] org.apache.catalina.startup.HostConfig.deployDirectory 把web 应用程序部署到目录 [C:\apache-tomcat-9.0.35-windows-x64\apache-tomcat-9.0.35\webapps\examples]
23-Oct-2020 13:49:59.766 信息 [main] org.apache.catalina.startup.HostConfig.deployDirectory Web应用程序目录[C:\apache-tomcat-9.0.35-windows-x64\apache-tomcat-9.0.35\webapps\examples]的部署已在[440]毫秒内完成
23-Oct-2020 13:49:59.766 信息 [main] org.apache.catalina.startup.HostConfig.deployDirectory 把web 应用程序部署到目录 [C:\apache-tomcat-9.0.35-windows-x64\apache-tomcat-9.0.35\webapps\host-manager]
23-Oct-2020 13:49:59.813 信息 [main] org.apache.catalina.startup.HostConfig.deployDirectory Web应用程序目录[C:\apache-tomcat-9.0.35-windows-x64\apache-tomcat-9.0.35\webapps\host-manager]的部署已在[47]毫秒内完成
23-Oct-2020 13:49:59.813 信息 [main] org.apache.catalina.startup.HostConfig.deployDirectory 把web 应用程序部署到目录 [C:\apache-tomcat-9.0.35-windows-x64\apache-tomcat-9.0.35\webapps\manager]
23-Oct-2020 13:49:59.844 信息 [main] org.apache.catalina.startup.HostConfig.deployDirectory Web应用程序目录[C:\apache-tomcat-9.0.35-windows-x64\apache-tomcat-9.0.35\webapps\manager]的部署已在[31]毫秒内完成
23-Oct-2020 13:49:59.844 信息 [main] org.apache.catalina.startup.HostConfig.deployDirectory 把web 应用程序部署到目录 [C:\apache-tomcat-9.0.35-windows-x64\apache-tomcat-9.0.35\webapps\ROOT]
23-Oct-2020 13:49:59.892 信息 [main] org.apache.catalina.startup.HostConfig.deployDirectory Web应用程序目录[C:\apache-tomcat-9.0.35-windows-x64\apache-tomcat-9.0.35\webapps\ROOT]的部署已在[48]毫秒内完成
23-Oct-2020 13:49:59.892 信息 [main] org.apache.catalina.startup.Catalina.start [1,475]毫秒后服务器启动
23-Oct-2020 13:49:59.908 严重 [main] org.apache.catalina.core.StandardServer.await 无法在地址[localhost]和端口[8005]上创建服务器关闭套接字（基本端口[8005]和偏移量[0]）
	java.net.BindException: Address already in use: NET_Bind
		at java.base/java.net.PlainSocketImpl.bind0(Native Method)
		at java.base/java.net.PlainSocketImpl.socketBind(PlainSocketImpl.java:132)
		at java.base/java.net.AbstractPlainSocketImpl.bind(AbstractPlainSocketImpl.java:436)
		at java.base/java.net.ServerSocket.bind(ServerSocket.java:381)
		at java.base/java.net.ServerSocket.<init>(ServerSocket.java:243)
		at org.apache.catalina.core.StandardServer.await(StandardServer.java:584)
		at org.apache.catalina.startup.Catalina.await(Catalina.java:721)
		at org.apache.catalina.startup.Catalina.start(Catalina.java:667)
		at java.base/jdk.internal.reflect.NativeMethodAccessorImpl.invoke0(Native Method)
		at java.base/jdk.internal.reflect.NativeMethodAccessorImpl.invoke(NativeMethodAccessorImpl.java:62)
		at java.base/jdk.internal.reflect.DelegatingMethodAccessorImpl.invoke(DelegatingMethodAccessorImpl.java:43)
		at java.base/java.lang.reflect.Method.invoke(Method.java:566)
		at org.apache.catalina.startup.Bootstrap.start(Bootstrap.java:343)
		at org.apache.catalina.startup.Bootstrap.main(Bootstrap.java:474)
23-Oct-2020 13:49:59.908 信息 [main] org.apache.coyote.AbstractProtocol.pause 暂停ProtocolHandler["http-nio-8080"]
23-Oct-2020 13:49:59.908 信息 [main] org.apache.catalina.core.StandardService.stopInternal 正在停止服务[Catalina]
23-Oct-2020 13:49:59.923 信息 [main] org.apache.coyote.AbstractProtocol.stop 正在停止ProtocolHandler ["http-nio-8080"]
23-Oct-2020 13:49:59.923 信息 [main] org.apache.coyote.AbstractProtocol.destroy 正在摧毁协议处理器 ["http-nio-8080"]
23-Oct-2020 13:50:04.960 信息 [main] org.apache.catalina.startup.VersionLoggerListener.log Server.服务器版本: Apache Tomcat/9.0.35
23-Oct-2020 13:50:04.960 信息 [main] org.apache.catalina.startup.VersionLoggerListener.log 服务器构建:        May 5 2020 20:36:20 UTC
23-Oct-2020 13:50:04.960 信息 [main] org.apache.catalina.startup.VersionLoggerListener.log 服务器版本号(:     9.0.35.0
23-Oct-2020 13:50:04.960 信息 [main] org.apache.catalina.startup.VersionLoggerListener.log 操作系统名称:      Windows 10
23-Oct-2020 13:50:04.960 信息 [main] org.apache.catalina.startup.VersionLoggerListener.log OS.版本:           10.0
23-Oct-2020 13:50:04.960 信息 [main] org.apache.catalina.startup.VersionLoggerListener.log 架构:              amd64
23-Oct-2020 13:50:04.960 信息 [main] org.apache.catalina.startup.VersionLoggerListener.log Java 环境变量:     C:\Program Files\Java\jdk-11.0.8
23-Oct-2020 13:50:04.960 信息 [main] org.apache.catalina.startup.VersionLoggerListener.log Java虚拟机版本:    11.0.8+10-LTS
23-Oct-2020 13:50:04.960 信息 [main] org.apache.catalina.startup.VersionLoggerListener.log JVM.供应商:        Oracle Corporation
23-Oct-2020 13:50:04.960 信息 [main] org.apache.catalina.startup.VersionLoggerListener.log CATALINA_BASE:     C:\apache-tomcat-9.0.35-windows-x64\apache-tomcat-9.0.35
23-Oct-2020 13:50:04.960 信息 [main] org.apache.catalina.startup.VersionLoggerListener.log CATALINA_HOME:     C:\apache-tomcat-9.0.35-windows-x64\apache-tomcat-9.0.35
23-Oct-2020 13:50:04.975 信息 [main] org.apache.catalina.startup.VersionLoggerListener.log 命令行参数：--add-opens=java.base/java.lang=ALL-UNNAMED
23-Oct-2020 13:50:04.975 信息 [main] org.apache.catalina.startup.VersionLoggerListener.log 命令行参数：--add-opens=java.base/java.io=ALL-UNNAMED
23-Oct-2020 13:50:04.975 信息 [main] org.apache.catalina.startup.VersionLoggerListener.log 命令行参数：--add-opens=java.rmi/sun.rmi.transport=ALL-UNNAMED
23-Oct-2020 13:50:04.975 信息 [main] org.apache.catalina.startup.VersionLoggerListener.log 命令行参数：-Djava.util.logging.config.file=C:\apache-tomcat-9.0.35-windows-x64\apache-tomcat-9.0.35\conf\logging.properties
23-Oct-2020 13:50:04.975 信息 [main] org.apache.catalina.startup.VersionLoggerListener.log 命令行参数：-Djava.util.logging.manager=org.apache.juli.ClassLoaderLogManager
23-Oct-2020 13:50:04.975 信息 [main] org.apache.catalina.startup.VersionLoggerListener.log 命令行参数：-Djdk.tls.ephemeralDHKeySize=2048
23-Oct-2020 13:50:04.975 信息 [main] org.apache.catalina.startup.VersionLoggerListener.log 命令行参数：-Djava.protocol.handler.pkgs=org.apache.catalina.webresources
23-Oct-2020 13:50:04.975 信息 [main] org.apache.catalina.startup.VersionLoggerListener.log 命令行参数：-Dignore.endorsed.dirs=
23-Oct-2020 13:50:04.975 信息 [main] org.apache.catalina.startup.VersionLoggerListener.log 命令行参数：-Dcatalina.base=C:\apache-tomcat-9.0.35-windows-x64\apache-tomcat-9.0.35
23-Oct-2020 13:50:04.975 信息 [main] org.apache.catalina.startup.VersionLoggerListener.log 命令行参数：-Dcatalina.home=C:\apache-tomcat-9.0.35-windows-x64\apache-tomcat-9.0.35
23-Oct-2020 13:50:04.975 信息 [main] org.apache.catalina.startup.VersionLoggerListener.log 命令行参数：-Djava.io.tmpdir=C:\apache-tomcat-9.0.35-windows-x64\apache-tomcat-9.0.35\temp
23-Oct-2020 13:50:04.975 信息 [main] org.apache.catalina.core.AprLifecycleListener.lifecycleEvent 使用APR版本[1.7.0]加载了基于APR的Apache Tomcat本机库[1.2.24]。
23-Oct-2020 13:50:04.975 信息 [main] org.apache.catalina.core.AprLifecycleListener.lifecycleEvent APR功能：IPv6[true]、sendfile[true]、accept filters[false]、random[true]。
23-Oct-2020 13:50:04.975 信息 [main] org.apache.catalina.core.AprLifecycleListener.lifecycleEvent APR/OpenSSL配置：useAprConnector[false]，useOpenSSL[true]
23-Oct-2020 13:50:04.975 信息 [main] org.apache.catalina.core.AprLifecycleListener.initializeSSL OpenSSL成功初始化 [OpenSSL 1.1.1g  21 Apr 2020]
23-Oct-2020 13:50:05.210 信息 [main] org.apache.coyote.AbstractProtocol.init 初始化协议处理器 ["http-nio-8080"]
23-Oct-2020 13:50:05.802 严重 [main] org.apache.catalina.util.LifecycleBase.handleSubClassException 初始化组件[Connector[HTTP/1.1-8080]]失败。
	org.apache.catalina.LifecycleException: 协议处理程序初始化失败
		at org.apache.catalina.connector.Connector.initInternal(Connector.java:1033)
		at org.apache.catalina.util.LifecycleBase.init(LifecycleBase.java:136)
		at org.apache.catalina.core.StandardService.initInternal(StandardService.java:533)
		at org.apache.catalina.util.LifecycleBase.init(LifecycleBase.java:136)
		at org.apache.catalina.core.StandardServer.initInternal(StandardServer.java:1057)
		at org.apache.catalina.util.LifecycleBase.init(LifecycleBase.java:136)
		at org.apache.catalina.startup.Catalina.load(Catalina.java:584)
		at org.apache.catalina.startup.Catalina.load(Catalina.java:607)
		at java.base/jdk.internal.reflect.NativeMethodAccessorImpl.invoke0(Native Method)
		at java.base/jdk.internal.reflect.NativeMethodAccessorImpl.invoke(NativeMethodAccessorImpl.java:62)
		at java.base/jdk.internal.reflect.DelegatingMethodAccessorImpl.invoke(DelegatingMethodAccessorImpl.java:43)
		at java.base/java.lang.reflect.Method.invoke(Method.java:566)
		at org.apache.catalina.startup.Bootstrap.load(Bootstrap.java:303)
		at org.apache.catalina.startup.Bootstrap.main(Bootstrap.java:473)
	Caused by: java.net.BindException: Address already in use: bind
		at java.base/sun.nio.ch.Net.bind0(Native Method)
		at java.base/sun.nio.ch.Net.bind(Net.java:461)
		at java.base/sun.nio.ch.Net.bind(Net.java:453)
		at java.base/sun.nio.ch.ServerSocketChannelImpl.bind(ServerSocketChannelImpl.java:227)
		at java.base/sun.nio.ch.ServerSocketAdaptor.bind(ServerSocketAdaptor.java:80)
		at org.apache.tomcat.util.net.NioEndpoint.initServerSocket(NioEndpoint.java:228)
		at org.apache.tomcat.util.net.NioEndpoint.bind(NioEndpoint.java:211)
		at org.apache.tomcat.util.net.AbstractEndpoint.bindWithCleanup(AbstractEndpoint.java:1141)
		at org.apache.tomcat.util.net.AbstractEndpoint.init(AbstractEndpoint.java:1154)
		at org.apache.coyote.AbstractProtocol.init(AbstractProtocol.java:581)
		at org.apache.coyote.http11.AbstractHttp11Protocol.init(AbstractHttp11Protocol.java:74)
		at org.apache.catalina.connector.Connector.initInternal(Connector.java:1030)
		... 13 more
23-Oct-2020 13:50:05.806 信息 [main] org.apache.catalina.startup.Catalina.load 服务器在[1,031]毫秒内初始化
23-Oct-2020 13:50:05.846 信息 [main] org.apache.catalina.core.StandardService.startInternal 正在启动服务[Catalina]
23-Oct-2020 13:50:05.847 信息 [main] org.apache.catalina.core.StandardEngine.startInternal 正在启动 Servlet 引擎：[Apache Tomcat/9.0.35]
23-Oct-2020 13:50:05.864 信息 [main] org.apache.catalina.startup.HostConfig.deployWAR 正在部署web应用程序存档文件[C:\apache-tomcat-9.0.35-windows-x64\apache-tomcat-9.0.35\webapps\APP8081_war exploded2 archive.war]
23-Oct-2020 13:50:06.630 警告 [main] org.apache.catalina.util.SessionIdGeneratorBase.createSecureRandom 使用[SHA1PRNG]创建会话ID生成的SecureRandom实例花费了[538]毫秒。
23-Oct-2020 13:50:06.646 信息 [main] org.apache.catalina.startup.HostConfig.deployWAR web应用程序存档文件[C:\apache-tomcat-9.0.35-windows-x64\apache-tomcat-9.0.35\webapps\APP8081_war exploded2 archive.war]的部署已在[782]ms内完成
23-Oct-2020 13:50:06.646 信息 [main] org.apache.catalina.startup.HostConfig.deployDirectory 把web 应用程序部署到目录 [C:\apache-tomcat-9.0.35-windows-x64\apache-tomcat-9.0.35\webapps\docs]
23-Oct-2020 13:50:06.677 信息 [main] org.apache.catalina.startup.HostConfig.deployDirectory Web应用程序目录[C:\apache-tomcat-9.0.35-windows-x64\apache-tomcat-9.0.35\webapps\docs]的部署已在[31]毫秒内完成
23-Oct-2020 13:50:06.677 信息 [main] org.apache.catalina.startup.HostConfig.deployDirectory 把web 应用程序部署到目录 [C:\apache-tomcat-9.0.35-windows-x64\apache-tomcat-9.0.35\webapps\examples]
23-Oct-2020 13:50:07.127 信息 [main] org.apache.catalina.startup.HostConfig.deployDirectory Web应用程序目录[C:\apache-tomcat-9.0.35-windows-x64\apache-tomcat-9.0.35\webapps\examples]的部署已在[450]毫秒内完成
23-Oct-2020 13:50:07.127 信息 [main] org.apache.catalina.startup.HostConfig.deployDirectory 把web 应用程序部署到目录 [C:\apache-tomcat-9.0.35-windows-x64\apache-tomcat-9.0.35\webapps\host-manager]
23-Oct-2020 13:50:07.159 信息 [main] org.apache.catalina.startup.HostConfig.deployDirectory Web应用程序目录[C:\apache-tomcat-9.0.35-windows-x64\apache-tomcat-9.0.35\webapps\host-manager]的部署已在[32]毫秒内完成
23-Oct-2020 13:50:07.159 信息 [main] org.apache.catalina.startup.HostConfig.deployDirectory 把web 应用程序部署到目录 [C:\apache-tomcat-9.0.35-windows-x64\apache-tomcat-9.0.35\webapps\manager]
23-Oct-2020 13:50:07.213 信息 [main] org.apache.catalina.startup.HostConfig.deployDirectory Web应用程序目录[C:\apache-tomcat-9.0.35-windows-x64\apache-tomcat-9.0.35\webapps\manager]的部署已在[54]毫秒内完成
23-Oct-2020 13:50:07.213 信息 [main] org.apache.catalina.startup.HostConfig.deployDirectory 把web 应用程序部署到目录 [C:\apache-tomcat-9.0.35-windows-x64\apache-tomcat-9.0.35\webapps\ROOT]
23-Oct-2020 13:50:07.258 信息 [main] org.apache.catalina.startup.HostConfig.deployDirectory Web应用程序目录[C:\apache-tomcat-9.0.35-windows-x64\apache-tomcat-9.0.35\webapps\ROOT]的部署已在[45]毫秒内完成
23-Oct-2020 13:50:07.258 信息 [main] org.apache.catalina.startup.Catalina.start [1,457]毫秒后服务器启动
23-Oct-2020 13:50:07.258 严重 [main] org.apache.catalina.core.StandardServer.await 无法在地址[localhost]和端口[8005]上创建服务器关闭套接字（基本端口[8005]和偏移量[0]）
	java.net.BindException: Address already in use: NET_Bind
		at java.base/java.net.PlainSocketImpl.bind0(Native Method)
		at java.base/java.net.PlainSocketImpl.socketBind(PlainSocketImpl.java:132)
		at java.base/java.net.AbstractPlainSocketImpl.bind(AbstractPlainSocketImpl.java:436)
		at java.base/java.net.ServerSocket.bind(ServerSocket.java:381)
		at java.base/java.net.ServerSocket.<init>(ServerSocket.java:243)
		at org.apache.catalina.core.StandardServer.await(StandardServer.java:584)
		at org.apache.catalina.startup.Catalina.await(Catalina.java:721)
		at org.apache.catalina.startup.Catalina.start(Catalina.java:667)
		at java.base/jdk.internal.reflect.NativeMethodAccessorImpl.invoke0(Native Method)
		at java.base/jdk.internal.reflect.NativeMethodAccessorImpl.invoke(NativeMethodAccessorImpl.java:62)
		at java.base/jdk.internal.reflect.DelegatingMethodAccessorImpl.invoke(DelegatingMethodAccessorImpl.java:43)
		at java.base/java.lang.reflect.Method.invoke(Method.java:566)
		at org.apache.catalina.startup.Bootstrap.start(Bootstrap.java:343)
		at org.apache.catalina.startup.Bootstrap.main(Bootstrap.java:474)
23-Oct-2020 13:50:07.258 信息 [main] org.apache.coyote.AbstractProtocol.pause 暂停ProtocolHandler["http-nio-8080"]
23-Oct-2020 13:50:07.258 信息 [main] org.apache.catalina.core.StandardService.stopInternal 正在停止服务[Catalina]
23-Oct-2020 13:50:07.274 信息 [main] org.apache.coyote.AbstractProtocol.stop 正在停止ProtocolHandler ["http-nio-8080"]
23-Oct-2020 13:50:07.289 信息 [main] org.apache.coyote.AbstractProtocol.destroy 正在摧毁协议处理器 ["http-nio-8080"]
23-Oct-2020 13:51:37.489 信息 [main] org.apache.catalina.startup.VersionLoggerListener.log Server.服务器版本: Apache Tomcat/9.0.35
23-Oct-2020 13:51:37.505 信息 [main] org.apache.catalina.startup.VersionLoggerListener.log 服务器构建:        May 5 2020 20:36:20 UTC
23-Oct-2020 13:51:37.505 信息 [main] org.apache.catalina.startup.VersionLoggerListener.log 服务器版本号(:     9.0.35.0
23-Oct-2020 13:51:37.505 信息 [main] org.apache.catalina.startup.VersionLoggerListener.log 操作系统名称:      Windows 10
23-Oct-2020 13:51:37.505 信息 [main] org.apache.catalina.startup.VersionLoggerListener.log OS.版本:           10.0
23-Oct-2020 13:51:37.505 信息 [main] org.apache.catalina.startup.VersionLoggerListener.log 架构:              amd64
23-Oct-2020 13:51:37.505 信息 [main] org.apache.catalina.startup.VersionLoggerListener.log Java 环境变量:     C:\Program Files\Java\jdk-11.0.8
23-Oct-2020 13:51:37.505 信息 [main] org.apache.catalina.startup.VersionLoggerListener.log Java虚拟机版本:    11.0.8+10-LTS
23-Oct-2020 13:51:37.505 信息 [main] org.apache.catalina.startup.VersionLoggerListener.log JVM.供应商:        Oracle Corporation
23-Oct-2020 13:51:37.505 信息 [main] org.apache.catalina.startup.VersionLoggerListener.log CATALINA_BASE:     C:\apache-tomcat-9.0.35-windows-x64\apache-tomcat-9.0.35
23-Oct-2020 13:51:37.505 信息 [main] org.apache.catalina.startup.VersionLoggerListener.log CATALINA_HOME:     C:\apache-tomcat-9.0.35-windows-x64\apache-tomcat-9.0.35
23-Oct-2020 13:51:37.505 信息 [main] org.apache.catalina.startup.VersionLoggerListener.log 命令行参数：--add-opens=java.base/java.lang=ALL-UNNAMED
23-Oct-2020 13:51:37.505 信息 [main] org.apache.catalina.startup.VersionLoggerListener.log 命令行参数：--add-opens=java.base/java.io=ALL-UNNAMED
23-Oct-2020 13:51:37.505 信息 [main] org.apache.catalina.startup.VersionLoggerListener.log 命令行参数：--add-opens=java.rmi/sun.rmi.transport=ALL-UNNAMED
23-Oct-2020 13:51:37.505 信息 [main] org.apache.catalina.startup.VersionLoggerListener.log 命令行参数：-Djava.util.logging.config.file=C:\apache-tomcat-9.0.35-windows-x64\apache-tomcat-9.0.35\conf\logging.properties
23-Oct-2020 13:51:37.505 信息 [main] org.apache.catalina.startup.VersionLoggerListener.log 命令行参数：-Djava.util.logging.manager=org.apache.juli.ClassLoaderLogManager
23-Oct-2020 13:51:37.505 信息 [main] org.apache.catalina.startup.VersionLoggerListener.log 命令行参数：-Djdk.tls.ephemeralDHKeySize=2048
23-Oct-2020 13:51:37.505 信息 [main] org.apache.catalina.startup.VersionLoggerListener.log 命令行参数：-Djava.protocol.handler.pkgs=org.apache.catalina.webresources
23-Oct-2020 13:51:37.505 信息 [main] org.apache.catalina.startup.VersionLoggerListener.log 命令行参数：-Dignore.endorsed.dirs=
23-Oct-2020 13:51:37.505 信息 [main] org.apache.catalina.startup.VersionLoggerListener.log 命令行参数：-Dcatalina.base=C:\apache-tomcat-9.0.35-windows-x64\apache-tomcat-9.0.35
23-Oct-2020 13:51:37.505 信息 [main] org.apache.catalina.startup.VersionLoggerListener.log 命令行参数：-Dcatalina.home=C:\apache-tomcat-9.0.35-windows-x64\apache-tomcat-9.0.35
23-Oct-2020 13:51:37.505 信息 [main] org.apache.catalina.startup.VersionLoggerListener.log 命令行参数：-Djava.io.tmpdir=C:\apache-tomcat-9.0.35-windows-x64\apache-tomcat-9.0.35\temp
23-Oct-2020 13:51:37.505 信息 [main] org.apache.catalina.core.AprLifecycleListener.lifecycleEvent 使用APR版本[1.7.0]加载了基于APR的Apache Tomcat本机库[1.2.24]。
23-Oct-2020 13:51:37.505 信息 [main] org.apache.catalina.core.AprLifecycleListener.lifecycleEvent APR功能：IPv6[true]、sendfile[true]、accept filters[false]、random[true]。
23-Oct-2020 13:51:37.520 信息 [main] org.apache.catalina.core.AprLifecycleListener.lifecycleEvent APR/OpenSSL配置：useAprConnector[false]，useOpenSSL[true]
23-Oct-2020 13:51:37.520 信息 [main] org.apache.catalina.core.AprLifecycleListener.initializeSSL OpenSSL成功初始化 [OpenSSL 1.1.1g  21 Apr 2020]
23-Oct-2020 13:51:37.770 信息 [main] org.apache.coyote.AbstractProtocol.init 初始化协议处理器 ["http-nio-8080"]
23-Oct-2020 13:51:38.335 信息 [main] org.apache.catalina.startup.Catalina.load 服务器在[1,011]毫秒内初始化
23-Oct-2020 13:51:38.367 信息 [main] org.apache.catalina.core.StandardService.startInternal 正在启动服务[Catalina]
23-Oct-2020 13:51:38.367 信息 [main] org.apache.catalina.core.StandardEngine.startInternal 正在启动 Servlet 引擎：[Apache Tomcat/9.0.35]
23-Oct-2020 13:51:38.382 信息 [main] org.apache.catalina.startup.HostConfig.deployWAR 正在部署web应用程序存档文件[C:\apache-tomcat-9.0.35-windows-x64\apache-tomcat-9.0.35\webapps\APP8081_war exploded2 archive.war]
23-Oct-2020 13:51:39.170 警告 [main] org.apache.catalina.util.SessionIdGeneratorBase.createSecureRandom 使用[SHA1PRNG]创建会话ID生成的SecureRandom实例花费了[566]毫秒。
23-Oct-2020 13:51:39.186 信息 [main] org.apache.catalina.startup.HostConfig.deployWAR web应用程序存档文件[C:\apache-tomcat-9.0.35-windows-x64\apache-tomcat-9.0.35\webapps\APP8081_war exploded2 archive.war]的部署已在[804]ms内完成
23-Oct-2020 13:51:39.186 信息 [main] org.apache.catalina.startup.HostConfig.deployDirectory 把web 应用程序部署到目录 [C:\apache-tomcat-9.0.35-windows-x64\apache-tomcat-9.0.35\webapps\docs]
23-Oct-2020 13:51:39.217 信息 [main] org.apache.catalina.startup.HostConfig.deployDirectory Web应用程序目录[C:\apache-tomcat-9.0.35-windows-x64\apache-tomcat-9.0.35\webapps\docs]的部署已在[31]毫秒内完成
23-Oct-2020 13:51:39.217 信息 [main] org.apache.catalina.startup.HostConfig.deployDirectory 把web 应用程序部署到目录 [C:\apache-tomcat-9.0.35-windows-x64\apache-tomcat-9.0.35\webapps\examples]
23-Oct-2020 13:51:39.656 信息 [main] org.apache.catalina.startup.HostConfig.deployDirectory Web应用程序目录[C:\apache-tomcat-9.0.35-windows-x64\apache-tomcat-9.0.35\webapps\examples]的部署已在[439]毫秒内完成
23-Oct-2020 13:51:39.656 信息 [main] org.apache.catalina.startup.HostConfig.deployDirectory 把web 应用程序部署到目录 [C:\apache-tomcat-9.0.35-windows-x64\apache-tomcat-9.0.35\webapps\host-manager]
23-Oct-2020 13:51:39.702 信息 [main] org.apache.catalina.startup.HostConfig.deployDirectory Web应用程序目录[C:\apache-tomcat-9.0.35-windows-x64\apache-tomcat-9.0.35\webapps\host-manager]的部署已在[46]毫秒内完成
23-Oct-2020 13:51:39.702 信息 [main] org.apache.catalina.startup.HostConfig.deployDirectory 把web 应用程序部署到目录 [C:\apache-tomcat-9.0.35-windows-x64\apache-tomcat-9.0.35\webapps\manager]
23-Oct-2020 13:51:39.734 信息 [main] org.apache.catalina.startup.HostConfig.deployDirectory Web应用程序目录[C:\apache-tomcat-9.0.35-windows-x64\apache-tomcat-9.0.35\webapps\manager]的部署已在[32]毫秒内完成
23-Oct-2020 13:51:39.734 信息 [main] org.apache.catalina.startup.HostConfig.deployDirectory 把web 应用程序部署到目录 [C:\apache-tomcat-9.0.35-windows-x64\apache-tomcat-9.0.35\webapps\ROOT]
23-Oct-2020 13:51:39.782 信息 [main] org.apache.catalina.startup.HostConfig.deployDirectory Web应用程序目录[C:\apache-tomcat-9.0.35-windows-x64\apache-tomcat-9.0.35\webapps\ROOT]的部署已在[48]毫秒内完成
23-Oct-2020 13:51:39.782 信息 [main] org.apache.coyote.AbstractProtocol.start 开始协议处理句柄["http-nio-8080"]
23-Oct-2020 13:51:39.797 信息 [main] org.apache.catalina.startup.Catalina.start [1,463]毫秒后服务器启动
23-Oct-2020 13:51:39.797 严重 [main] org.apache.catalina.core.StandardServer.await 无法在地址[localhost]和端口[8005]上创建服务器关闭套接字（基本端口[8005]和偏移量[0]）
	java.net.BindException: Address already in use: NET_Bind
		at java.base/java.net.PlainSocketImpl.bind0(Native Method)
		at java.base/java.net.PlainSocketImpl.socketBind(PlainSocketImpl.java:132)
		at java.base/java.net.AbstractPlainSocketImpl.bind(AbstractPlainSocketImpl.java:436)
		at java.base/java.net.ServerSocket.bind(ServerSocket.java:381)
		at java.base/java.net.ServerSocket.<init>(ServerSocket.java:243)
		at org.apache.catalina.core.StandardServer.await(StandardServer.java:584)
		at org.apache.catalina.startup.Catalina.await(Catalina.java:721)
		at org.apache.catalina.startup.Catalina.start(Catalina.java:667)
		at java.base/jdk.internal.reflect.NativeMethodAccessorImpl.invoke0(Native Method)
		at java.base/jdk.internal.reflect.NativeMethodAccessorImpl.invoke(NativeMethodAccessorImpl.java:62)
		at java.base/jdk.internal.reflect.DelegatingMethodAccessorImpl.invoke(DelegatingMethodAccessorImpl.java:43)
		at java.base/java.lang.reflect.Method.invoke(Method.java:566)
		at org.apache.catalina.startup.Bootstrap.start(Bootstrap.java:343)
		at org.apache.catalina.startup.Bootstrap.main(Bootstrap.java:474)
23-Oct-2020 13:51:39.797 信息 [main] org.apache.coyote.AbstractProtocol.pause 暂停ProtocolHandler["http-nio-8080"]
23-Oct-2020 13:51:40.332 信息 [main] org.apache.catalina.core.StandardService.stopInternal 正在停止服务[Catalina]
23-Oct-2020 13:51:40.332 信息 [main] org.apache.coyote.AbstractProtocol.stop 正在停止ProtocolHandler ["http-nio-8080"]
23-Oct-2020 13:51:40.349 信息 [main] org.apache.coyote.AbstractProtocol.destroy 正在摧毁协议处理器 ["http-nio-8080"]
23-Oct-2020 13:51:58.198 信息 [main] org.apache.catalina.startup.VersionLoggerListener.log Server.服务器版本: Apache Tomcat/9.0.35
23-Oct-2020 13:51:58.198 信息 [main] org.apache.catalina.startup.VersionLoggerListener.log 服务器构建:        May 5 2020 20:36:20 UTC
23-Oct-2020 13:51:58.198 信息 [main] org.apache.catalina.startup.VersionLoggerListener.log 服务器版本号(:     9.0.35.0
23-Oct-2020 13:51:58.198 信息 [main] org.apache.catalina.startup.VersionLoggerListener.log 操作系统名称:      Windows 10
23-Oct-2020 13:51:58.198 信息 [main] org.apache.catalina.startup.VersionLoggerListener.log OS.版本:           10.0
23-Oct-2020 13:51:58.198 信息 [main] org.apache.catalina.startup.VersionLoggerListener.log 架构:              amd64
23-Oct-2020 13:51:58.198 信息 [main] org.apache.catalina.startup.VersionLoggerListener.log Java 环境变量:     C:\Program Files\Java\jdk-11.0.8
23-Oct-2020 13:51:58.198 信息 [main] org.apache.catalina.startup.VersionLoggerListener.log Java虚拟机版本:    11.0.8+10-LTS
23-Oct-2020 13:51:58.198 信息 [main] org.apache.catalina.startup.VersionLoggerListener.log JVM.供应商:        Oracle Corporation
23-Oct-2020 13:51:58.198 信息 [main] org.apache.catalina.startup.VersionLoggerListener.log CATALINA_BASE:     C:\apache-tomcat-9.0.35-windows-x64\apache-tomcat-9.0.35
23-Oct-2020 13:51:58.198 信息 [main] org.apache.catalina.startup.VersionLoggerListener.log CATALINA_HOME:     C:\apache-tomcat-9.0.35-windows-x64\apache-tomcat-9.0.35
23-Oct-2020 13:51:58.214 信息 [main] org.apache.catalina.startup.VersionLoggerListener.log 命令行参数：--add-opens=java.base/java.lang=ALL-UNNAMED
23-Oct-2020 13:51:58.214 信息 [main] org.apache.catalina.startup.VersionLoggerListener.log 命令行参数：--add-opens=java.base/java.io=ALL-UNNAMED
23-Oct-2020 13:51:58.214 信息 [main] org.apache.catalina.startup.VersionLoggerListener.log 命令行参数：--add-opens=java.rmi/sun.rmi.transport=ALL-UNNAMED
23-Oct-2020 13:51:58.214 信息 [main] org.apache.catalina.startup.VersionLoggerListener.log 命令行参数：-Djava.util.logging.config.file=C:\apache-tomcat-9.0.35-windows-x64\apache-tomcat-9.0.35\conf\logging.properties
23-Oct-2020 13:51:58.214 信息 [main] org.apache.catalina.startup.VersionLoggerListener.log 命令行参数：-Djava.util.logging.manager=org.apache.juli.ClassLoaderLogManager
23-Oct-2020 13:51:58.214 信息 [main] org.apache.catalina.startup.VersionLoggerListener.log 命令行参数：-Djdk.tls.ephemeralDHKeySize=2048
23-Oct-2020 13:51:58.214 信息 [main] org.apache.catalina.startup.VersionLoggerListener.log 命令行参数：-Djava.protocol.handler.pkgs=org.apache.catalina.webresources
23-Oct-2020 13:51:58.214 信息 [main] org.apache.catalina.startup.VersionLoggerListener.log 命令行参数：-Dignore.endorsed.dirs=
23-Oct-2020 13:51:58.214 信息 [main] org.apache.catalina.startup.VersionLoggerListener.log 命令行参数：-Dcatalina.base=C:\apache-tomcat-9.0.35-windows-x64\apache-tomcat-9.0.35
23-Oct-2020 13:51:58.214 信息 [main] org.apache.catalina.startup.VersionLoggerListener.log 命令行参数：-Dcatalina.home=C:\apache-tomcat-9.0.35-windows-x64\apache-tomcat-9.0.35
23-Oct-2020 13:51:58.214 信息 [main] org.apache.catalina.startup.VersionLoggerListener.log 命令行参数：-Djava.io.tmpdir=C:\apache-tomcat-9.0.35-windows-x64\apache-tomcat-9.0.35\temp
23-Oct-2020 13:51:58.214 信息 [main] org.apache.catalina.core.AprLifecycleListener.lifecycleEvent 使用APR版本[1.7.0]加载了基于APR的Apache Tomcat本机库[1.2.24]。
23-Oct-2020 13:51:58.214 信息 [main] org.apache.catalina.core.AprLifecycleListener.lifecycleEvent APR功能：IPv6[true]、sendfile[true]、accept filters[false]、random[true]。
23-Oct-2020 13:51:58.214 信息 [main] org.apache.catalina.core.AprLifecycleListener.lifecycleEvent APR/OpenSSL配置：useAprConnector[false]，useOpenSSL[true]
23-Oct-2020 13:51:58.214 信息 [main] org.apache.catalina.core.AprLifecycleListener.initializeSSL OpenSSL成功初始化 [OpenSSL 1.1.1g  21 Apr 2020]
23-Oct-2020 13:51:58.448 信息 [main] org.apache.coyote.AbstractProtocol.init 初始化协议处理器 ["http-nio-8080"]
23-Oct-2020 13:51:59.046 信息 [main] org.apache.catalina.startup.Catalina.load 服务器在[1,032]毫秒内初始化
23-Oct-2020 13:51:59.093 信息 [main] org.apache.catalina.core.StandardService.startInternal 正在启动服务[Catalina]
23-Oct-2020 13:51:59.093 信息 [main] org.apache.catalina.core.StandardEngine.startInternal 正在启动 Servlet 引擎：[Apache Tomcat/9.0.35]
23-Oct-2020 13:51:59.108 信息 [main] org.apache.catalina.startup.HostConfig.deployWAR 正在部署web应用程序存档文件[C:\apache-tomcat-9.0.35-windows-x64\apache-tomcat-9.0.35\webapps\APP8081_war exploded2 archive.war]
23-Oct-2020 13:51:59.877 警告 [main] org.apache.catalina.util.SessionIdGeneratorBase.createSecureRandom 使用[SHA1PRNG]创建会话ID生成的SecureRandom实例花费了[534]毫秒。
23-Oct-2020 13:51:59.908 信息 [main] org.apache.catalina.startup.HostConfig.deployWAR web应用程序存档文件[C:\apache-tomcat-9.0.35-windows-x64\apache-tomcat-9.0.35\webapps\APP8081_war exploded2 archive.war]的部署已在[800]ms内完成
23-Oct-2020 13:51:59.908 信息 [main] org.apache.catalina.startup.HostConfig.deployDirectory 把web 应用程序部署到目录 [C:\apache-tomcat-9.0.35-windows-x64\apache-tomcat-9.0.35\webapps\docs]
23-Oct-2020 13:51:59.940 信息 [main] org.apache.catalina.startup.HostConfig.deployDirectory Web应用程序目录[C:\apache-tomcat-9.0.35-windows-x64\apache-tomcat-9.0.35\webapps\docs]的部署已在[32]毫秒内完成
23-Oct-2020 13:51:59.940 信息 [main] org.apache.catalina.startup.HostConfig.deployDirectory 把web 应用程序部署到目录 [C:\apache-tomcat-9.0.35-windows-x64\apache-tomcat-9.0.35\webapps\examples]
23-Oct-2020 13:52:00.419 信息 [main] org.apache.catalina.startup.HostConfig.deployDirectory Web应用程序目录[C:\apache-tomcat-9.0.35-windows-x64\apache-tomcat-9.0.35\webapps\examples]的部署已在[479]毫秒内完成
23-Oct-2020 13:52:00.419 信息 [main] org.apache.catalina.startup.HostConfig.deployDirectory 把web 应用程序部署到目录 [C:\apache-tomcat-9.0.35-windows-x64\apache-tomcat-9.0.35\webapps\host-manager]
23-Oct-2020 13:52:00.465 信息 [main] org.apache.catalina.startup.HostConfig.deployDirectory Web应用程序目录[C:\apache-tomcat-9.0.35-windows-x64\apache-tomcat-9.0.35\webapps\host-manager]的部署已在[46]毫秒内完成
23-Oct-2020 13:52:00.465 信息 [main] org.apache.catalina.startup.HostConfig.deployDirectory 把web 应用程序部署到目录 [C:\apache-tomcat-9.0.35-windows-x64\apache-tomcat-9.0.35\webapps\manager]
23-Oct-2020 13:52:00.497 信息 [main] org.apache.catalina.startup.HostConfig.deployDirectory Web应用程序目录[C:\apache-tomcat-9.0.35-windows-x64\apache-tomcat-9.0.35\webapps\manager]的部署已在[32]毫秒内完成
23-Oct-2020 13:52:00.497 信息 [main] org.apache.catalina.startup.HostConfig.deployDirectory 把web 应用程序部署到目录 [C:\apache-tomcat-9.0.35-windows-x64\apache-tomcat-9.0.35\webapps\ROOT]
23-Oct-2020 13:52:00.545 信息 [main] org.apache.catalina.startup.HostConfig.deployDirectory Web应用程序目录[C:\apache-tomcat-9.0.35-windows-x64\apache-tomcat-9.0.35\webapps\ROOT]的部署已在[48]毫秒内完成
23-Oct-2020 13:52:00.560 信息 [main] org.apache.coyote.AbstractProtocol.start 开始协议处理句柄["http-nio-8080"]
23-Oct-2020 13:52:00.560 信息 [main] org.apache.catalina.startup.Catalina.start [1,517]毫秒后服务器启动
