23-Oct-2020 13:17:35.637 信息 [main] org.apache.catalina.core.ApplicationContext.log ContextListener: contextInitialized()
23-Oct-2020 13:17:35.652 信息 [main] org.apache.catalina.core.ApplicationContext.log SessionListener: contextInitialized()
23-Oct-2020 13:17:35.652 信息 [main] org.apache.catalina.core.ApplicationContext.log ContextListener: attributeAdded('StockTicker', 'async.Stockticker@3d9fc57a')
23-Oct-2020 13:49:59.749 信息 [main] org.apache.catalina.core.ApplicationContext.log ContextListener: contextInitialized()
23-Oct-2020 13:49:59.749 信息 [main] org.apache.catalina.core.ApplicationContext.log SessionListener: contextInitialized()
23-Oct-2020 13:49:59.766 信息 [main] org.apache.catalina.core.ApplicationContext.log ContextListener: attributeAdded('StockTicker', 'async.Stockticker@315df4bb')
23-Oct-2020 13:49:59.908 信息 [main] org.apache.catalina.core.ApplicationContext.log SessionListener: contextDestroyed()
23-Oct-2020 13:49:59.908 信息 [main] org.apache.catalina.core.ApplicationContext.log ContextListener: contextDestroyed()
23-Oct-2020 13:50:07.112 信息 [main] org.apache.catalina.core.ApplicationContext.log ContextListener: contextInitialized()
23-Oct-2020 13:50:07.112 信息 [main] org.apache.catalina.core.ApplicationContext.log SessionListener: contextInitialized()
23-Oct-2020 13:50:07.112 信息 [main] org.apache.catalina.core.ApplicationContext.log ContextListener: attributeAdded('StockTicker', 'async.Stockticker@eadb475')
23-Oct-2020 13:50:07.274 信息 [main] org.apache.catalina.core.ApplicationContext.log SessionListener: contextDestroyed()
23-Oct-2020 13:50:07.274 信息 [main] org.apache.catalina.core.ApplicationContext.log ContextListener: contextDestroyed()
23-Oct-2020 13:51:39.640 信息 [main] org.apache.catalina.core.ApplicationContext.log ContextListener: contextInitialized()
23-Oct-2020 13:51:39.640 信息 [main] org.apache.catalina.core.ApplicationContext.log SessionListener: contextInitialized()
23-Oct-2020 13:51:39.656 信息 [main] org.apache.catalina.core.ApplicationContext.log ContextListener: attributeAdded('StockTicker', 'async.Stockticker@117632cf')
23-Oct-2020 13:51:40.332 信息 [main] org.apache.catalina.core.ApplicationContext.log SessionListener: contextDestroyed()
23-Oct-2020 13:51:40.332 信息 [main] org.apache.catalina.core.ApplicationContext.log ContextListener: contextDestroyed()
23-Oct-2020 13:52:00.403 信息 [main] org.apache.catalina.core.ApplicationContext.log ContextListener: contextInitialized()
23-Oct-2020 13:52:00.403 信息 [main] org.apache.catalina.core.ApplicationContext.log SessionListener: contextInitialized()
23-Oct-2020 13:52:00.403 信息 [main] org.apache.catalina.core.ApplicationContext.log ContextListener: attributeAdded('StockTicker', 'async.Stockticker@5a772895')
